2018-09-16 09:20:08,323 [Thread-1:9176] [log:83] [views_api:add_guest] [INFO]- 参数错误，不能为空.
2018-09-16 09:28:46,822 [Thread-1:7224] [log:102] [views_api:add_guest] [INFO]- 2018-09-15 09:31:00+00:00
2018-09-16 09:29:30,600 [Thread-1:6060] [log:102] [views_api:add_guest] [INFO]- ['2018-09-15 09:31:00+00:00']
2018-09-16 09:30:24,415 [Thread-1:4216] [log:101] [views_api:add_guest] [INFO]- 2018-09-15 09:31:00+00:00
2018-09-16 09:30:24,415 [Thread-1:4216] [log:103] [views_api:add_guest] [INFO]- ['2018-09-15 09:31:00+00:00']
2018-09-16 09:38:27,061 [Thread-3:6424] [log:103] [views_api:add_guest] [INFO]- 2018-09-15 09:31:00+00:00
2018-09-16 09:38:27,062 [Thread-3:6424] [log:105] [views_api:add_guest] [INFO]- 2018-09-15 09:31:00+00:00
2018-09-16 09:39:03,845 [Thread-1:3612] [log:103] [views_api:add_guest] [INFO]- 2018-09-15 09:31:00+00:00
2018-09-16 09:39:03,847 [Thread-1:3612] [log:105] [views_api:add_guest] [INFO]- 2018-09-15 09:31:00+00:00
2018-09-16 09:39:41,665 [Thread-1:7028] [log:102] [views_api:add_guest] [INFO]- 2018-09-15 09:31:00+00:00
2018-09-16 09:39:41,665 [Thread-1:7028] [log:106] [views_api:add_guest] [INFO]- 2018-09-15 09:31:00+00:00
2018-09-16 09:40:03,647 [Thread-1:6792] [log:104] [views_api:add_guest] [INFO]- 2018-09-15 09:31:00+00:00
2018-09-16 09:40:03,648 [Thread-1:6792] [log:107] [views_api:add_guest] [INFO]- 2018-09-15 09:31:00+00:00
2018-09-16 09:40:41,796 [Thread-1:6364] [log:104] [views_api:add_guest] [INFO]- 2018-09-15 09:31:00+00:00
2018-09-16 09:40:41,796 [Thread-1:6364] [log:107] [views_api:add_guest] [INFO]- 2018-09-15 09:31:00+00:00
2018-09-16 09:40:59,069 [Thread-1:7576] [log:104] [views_api:add_guest] [INFO]- 2018-09-15 09:31:00+00:00
2018-09-16 09:40:59,071 [Thread-1:7576] [log:107] [views_api:add_guest] [INFO]- 2018-09-15 09:31:00
2018-09-16 09:40:59,077 [Thread-1:7576] [log:116] [views_api:add_guest] [INFO]- 活动未开始.
2018-09-16 09:42:58,235 [Thread-1:1212] [log:102] [views_api:add_guest] [INFO]- 2018-09-15 09:31:00
2018-09-16 09:42:58,241 [Thread-1:1212] [log:111] [views_api:add_guest] [INFO]- 活动未开始.
2018-09-16 09:44:54,072 [Thread-1:4212] [log:102] [views_api:add_guest] [INFO]- 2018-09-15 09:31:00
2018-09-16 09:44:54,079 [Thread-1:4212] [log:109] [views_api:add_guest] [INFO]- 1537062294
2018-09-16 09:44:54,079 [Thread-1:4212] [log:112] [views_api:add_guest] [INFO]- 活动未开始.
2018-09-16 09:45:20,332 [Thread-1:8588] [log:102] [views_api:add_guest] [INFO]- 2018-09-15 09:31:00
2018-09-16 09:45:20,338 [Thread-1:8588] [log:105] [views_api:add_guest] [INFO]- 1536975060
2018-09-16 09:45:20,338 [Thread-1:8588] [log:110] [views_api:add_guest] [INFO]- 1537062320
2018-09-16 09:45:20,339 [Thread-1:8588] [log:113] [views_api:add_guest] [INFO]- 活动未开始.
2018-09-16 09:46:48,021 [Thread-1:8292] [log:102] [views_api:add_guest] [INFO]- 2018-09-16 06:57:00
2018-09-16 09:46:48,025 [Thread-1:8292] [log:105] [views_api:add_guest] [INFO]- 1537052220
2018-09-16 09:46:48,026 [Thread-1:8292] [log:110] [views_api:add_guest] [INFO]- 1537062408
2018-09-16 09:46:48,026 [Thread-1:8292] [log:113] [views_api:add_guest] [INFO]- 活动已开始.
2018-09-16 09:47:29,443 [Thread-3:9040] [log:102] [views_api:add_guest] [INFO]- 2018-09-16 22:57:00
2018-09-16 09:47:29,444 [Thread-3:9040] [log:105] [views_api:add_guest] [INFO]- 1537109820
2018-09-16 09:47:29,444 [Thread-3:9040] [log:110] [views_api:add_guest] [INFO]- 1537062449
2018-09-16 09:47:29,509 [Thread-3:9040] [log:120] [views_api:add_guest] [INFO]- 嘉宾添加成功！
2018-09-16 09:47:53,766 [Thread-1:7988] [log:102] [views_api:add_guest] [INFO]- 2018-09-16 22:57:00
2018-09-16 09:47:53,770 [Thread-1:7988] [log:105] [views_api:add_guest] [INFO]- 1537109820
2018-09-16 09:47:53,771 [Thread-1:7988] [log:110] [views_api:add_guest] [INFO]- 1537062473
2018-09-16 09:47:53,882 [Thread-1:7988] [log:118] [views_api:add_guest] [INFO]- 手机号有点问题.
2018-09-16 09:49:22,218 [Thread-3:7760] [log:102] [views_api:add_guest] [INFO]- 2018-09-16 22:57:00
2018-09-16 09:49:22,219 [Thread-3:7760] [log:105] [views_api:add_guest] [INFO]- 1537109820
2018-09-16 09:49:22,220 [Thread-3:7760] [log:110] [views_api:add_guest] [INFO]- 1537062562
2018-09-16 09:49:22,273 [Thread-3:7760] [log:120] [views_api:add_guest] [INFO]- 嘉宾添加成功！
2018-09-16 10:05:08,332 [Thread-1:4740] [log:132] [views_api:get_guest_list] [INFO]- 参数错误，不能为空
2018-09-16 10:05:20,531 [Thread-6:4520] [log:132] [views_api:get_guest_list] [INFO]- 参数错误，不能为空
2018-09-16 10:14:20,182 [Thread-3:8312] [log:155] [views_api:get_guest_list] [INFO]- 查询嘉宾成功！
2018-09-16 10:14:29,412 [Thread-4:5544] [log:155] [views_api:get_guest_list] [INFO]- 查询嘉宾成功！
2018-09-16 10:15:19,162 [Thread-7:4468] [log:158] [views_api:get_guest_list] [INFO]- 查询结果为空.
2018-09-16 10:15:22,660 [Thread-8:2068] [log:158] [views_api:get_guest_list] [INFO]- 查询结果为空.
2018-09-16 10:15:26,604 [Thread-9:6976] [log:158] [views_api:get_guest_list] [INFO]- 查询结果为空.
2018-09-16 10:15:30,552 [Thread-10:5312] [log:158] [views_api:get_guest_list] [INFO]- 查询结果为空.
2018-09-16 10:15:34,851 [Thread-11:2040] [log:158] [views_api:get_guest_list] [INFO]- 查询结果为空.
2018-09-16 10:15:44,399 [Thread-12:7536] [log:155] [views_api:get_guest_list] [INFO]- 查询嘉宾成功！
2018-09-16 10:15:52,779 [Thread-13:6296] [log:155] [views_api:get_guest_list] [INFO]- 查询嘉宾成功！
2018-09-16 10:16:36,759 [Thread-1:8912] [log:155] [views_api:get_guest_list] [INFO]- 查询嘉宾成功！
2018-09-16 10:24:59,184 [Thread-1:7036] [log:164] [views_api:get_guest_list] [INFO]- ----------------------------------------------------------------------------------------------------
2018-09-16 10:24:59,184 [Thread-1:7036] [log:165] [views_api:get_guest_list] [INFO]- <QuerySet []>
[2018-09-16 10:28:53,157] [views_api.py:167] [views_api:get_guest_list] [INFO]- 查询结果为空.
[2018-09-16 10:30:24,588] [views_api.py:164] [views_api:get_guest_list] [INFO]- ----------------------------------------------------------------------------------------------------
[2018-09-16 10:30:24,590] [views_api.py:165] [views_api:get_guest_list] [INFO]- <QuerySet [<Guest: 王小虎>, <Guest: 赵小刀>, <Guest: 黄小渤>]>
[2018-09-16 10:37:21,709] [views_api.py:183] [views_api:get_guest_list] [INFO]- 查询嘉宾成功！
[2018-09-16 10:37:32,912] [views_api.py:50] [views_api:get_event_list] [INFO]- 参数错误，不能为空.
[2018-09-16 10:40:11,316] [views_api.py:65] [views_api:get_event_list] [INFO]- 查询嘉宾成功！
[2018-09-16 10:40:38,820] [views_api.py:189] [views_api:get_guest_list] [INFO]- 查询结果为空.
[2018-09-16 10:40:46,974] [views_api.py:186] [views_api:get_guest_list] [INFO]- 查询嘉宾成功！
[2018-09-16 10:40:59,988] [views_api.py:186] [views_api:get_guest_list] [INFO]- 查询嘉宾成功！
[2018-09-16 10:41:32,825] [views_api.py:189] [views_api:get_guest_list] [INFO]- 查询结果为空.
[2018-09-16 10:41:35,890] [views_api.py:154] [views_api:get_guest_list] [INFO]- 查询嘉宾成功！
[2018-09-16 10:41:50,362] [views_api.py:186] [views_api:get_guest_list] [INFO]- 查询嘉宾成功！
[2018-09-16 10:42:48,321] [views_api.py:154] [views_api:get_guest_list] [INFO]- 查询嘉宾成功！
[2018-09-16 10:42:52,410] [views_api.py:141] [views_api:get_guest_list] [INFO]- 参数错误，不能为空
[2018-09-16 10:43:18,796] [views_api.py:154] [views_api:get_guest_list] [INFO]- 查询嘉宾成功！
[2018-09-16 15:49:06,848] [views_api.py:157] [views_api:get_guest_list] [INFO]- 查询结果为空.
[2018-09-16 15:49:37,749] [views_api.py:157] [views_api:get_guest_list] [INFO]- 查询结果为空.
[2018-09-16 15:51:29,072] [views_api.py:157] [views_api:get_guest_list] [INFO]- 查询结果为空.
[2018-09-16 15:56:38,653] [views_api.py:157] [views_api:get_guest_list] [INFO]- 查询嘉宾成功！
[2018-09-16 16:01:41,803] [views_api.py:158] [views_api:get_guest_list] [INFO]- 查询结果为空.
[2018-09-16 16:02:05,543] [views_api.py:166] [views_api:get_guest_list] [INFO]- 查询结果为空.
[2018-09-16 16:02:23,511] [views_api.py:166] [views_api:get_guest_list] [INFO]- 查询结果为空.
[2018-09-16 16:03:07,334] [views_api.py:166] [views_api:get_guest_list] [INFO]- 查询结果为空.
[2018-09-16 16:03:15,942] [views_api.py:173] [views_api:get_guest_list] [INFO]- 查询嘉宾成功！
[2018-09-16 16:03:27,755] [views_api.py:166] [views_api:get_guest_list] [INFO]- 查询结果为空.
[2018-09-16 16:16:53,418] [views_api.py:183] [views_api:user_sign] [INFO]- 参数错误，不能为空.
[2018-09-16 16:19:16,084] [views_api.py:197] [views_api:user_sign] [INFO]- 2018-09-16 22:57:00
[2018-09-16 16:19:16,088] [views_api.py:200] [views_api:user_sign] [INFO]- 1537109820
[2018-09-16 16:19:16,088] [views_api.py:205] [views_api:user_sign] [INFO]- 1537085956
[2018-09-16 21:27:45,061] [views_api.py:153] [views_api:get_guest_list] [INFO]- 查询嘉宾成功！
[2018-09-16 21:28:00,059] [views_api.py:153] [views_api:get_guest_list] [INFO]- 查询嘉宾成功！
[2018-09-16 21:30:06,912] [views_api.py:166] [views_api:get_guest_list] [INFO]- 查询嘉宾成功！
[2018-09-16 21:30:11,341] [views_api.py:166] [views_api:get_guest_list] [INFO]- 查询嘉宾成功！
[2018-09-16 21:30:24,710] [views_api.py:166] [views_api:get_guest_list] [INFO]- 查询嘉宾成功！
[2018-09-16 21:42:10,367] [views_api.py:181] [views_api:get_guest_list] [INFO]- 查询嘉宾成功！
[2018-09-16 21:43:36,220] [views_api.py:181] [views_api:get_guest_list] [INFO]- 查询嘉宾成功！
[2018-09-16 21:44:13,291] [views_api.py:183] [views_api:get_guest_list] [INFO]- 查询嘉宾成功！
[2018-09-16 21:45:09,768] [views_api.py:183] [views_api:get_guest_list] [INFO]- 查询嘉宾成功！
[2018-09-16 21:51:30,868] [views_api.py:187] [views_api:get_guest_list] [INFO]- 查询嘉宾成功！
[2018-09-16 21:54:18,915] [views_api.py:183] [views_api:get_guest_list] [INFO]- 查询嘉宾成功！
[2018-09-16 21:55:22,827] [views_api.py:183] [views_api:get_guest_list] [INFO]- 查询嘉宾成功！
[2018-09-16 21:57:02,166] [views_api.py:185] [views_api:get_guest_list] [INFO]- 查询嘉宾成功！
[2018-09-16 21:57:21,364] [views_api.py:186] [views_api:get_guest_list] [INFO]- 查询嘉宾成功！
[2018-09-16 21:57:36,875] [views_api.py:156] [views_api:get_guest_list] [INFO]- 查询嘉宾成功！
[2018-09-16 21:59:08,389] [views_api.py:157] [views_api:get_guest_list] [INFO]- 查询嘉宾成功！
[2018-09-16 21:59:35,082] [views_api.py:155] [views_api:get_guest_list] [INFO]- 查询嘉宾成功！
[2018-09-16 22:02:39,147] [views_api.py:189] [views_api:get_guest_list] [INFO]- 查询嘉宾成功！
[2018-09-16 22:02:44,640] [views_api.py:189] [views_api:get_guest_list] [INFO]- 查询嘉宾成功！
[2018-09-16 22:02:51,959] [views_api.py:192] [views_api:get_guest_list] [INFO]- 查询结果为空.
[2018-09-16 22:02:56,799] [views_api.py:155] [views_api:get_guest_list] [INFO]- 查询嘉宾成功！
[2018-09-16 22:03:04,492] [views_api.py:192] [views_api:get_guest_list] [INFO]- 查询结果为空.
[2018-09-16 22:03:17,423] [views_api.py:192] [views_api:get_guest_list] [INFO]- 查询结果为空.
[2018-09-16 22:49:01,676] [views_api.py:26] [views_api:add_event] [INFO]- 发布会id已经存在.
[2018-09-16 22:49:02,745] [views_api.py:26] [views_api:add_event] [INFO]- 发布会id已经存在.
[2018-09-16 22:49:03,815] [views_api.py:26] [views_api:add_event] [INFO]- 发布会id已经存在.
[2018-09-16 22:51:51,346] [views_api.py:26] [views_api:add_event] [INFO]- 发布会id已经存在.
[2018-09-16 22:51:52,446] [views_api.py:26] [views_api:add_event] [INFO]- 发布会id已经存在.
[2018-09-16 22:51:53,540] [views_api.py:26] [views_api:add_event] [INFO]- 发布会id已经存在.
[2018-09-16 22:53:03,619] [views_api.py:26] [views_api:add_event] [INFO]- 发布会id已经存在.
[2018-09-16 22:56:24,190] [views_api.py:26] [views_api:add_event] [INFO]- 发布会id已经存在.
[2018-09-16 22:56:25,305] [views_api.py:26] [views_api:add_event] [INFO]- 发布会id已经存在.
[2018-09-16 22:56:26,394] [views_api.py:26] [views_api:add_event] [INFO]- 发布会id已经存在.
[2018-09-16 22:59:49,195] [views_api.py:26] [views_api:add_event] [INFO]- 发布会id已经存在.
[2018-09-16 22:59:50,287] [views_api.py:26] [views_api:add_event] [INFO]- 发布会id已经存在.
[2018-09-16 22:59:51,386] [views_api.py:26] [views_api:add_event] [INFO]- 发布会id已经存在.
[2018-09-16 23:13:30,661] [views_api.py:185] [views_api:get_guest_list] [INFO]- 查询嘉宾成功！
