[2018-09-20 12:58:55,163] [views_api_sec.py:222] [views_api_sec:user_sign_api] [INFO]- a40d08b673aad466d68bfe86f00581d5
[2018-09-20 12:58:55,198] [views_api_sec.py:42] [views_api_sec:sec_add_event] [INFO]- 发布会id已经存在.
[2018-09-20 12:58:56,212] [views_api_sec.py:176] [views_api_sec:user_auth] [INFO]- Basic bGl4aWFvZmVuZzpmZW5nemk4MDIzMDA=
[2018-09-20 12:58:56,216] [views_api_sec.py:178] [views_api_sec:user_auth] [INFO]- ['Basic', 'bGl4aWFvZmVuZzpmZW5nemk4MDIzMDA=']
[2018-09-20 12:58:56,222] [views_api_sec.py:182] [views_api_sec:user_auth] [INFO]- ('lixiaofeng', ':', 'fengzi802300')
[2018-09-20 12:58:56,313] [views_api_sec.py:187] [views_api_sec:user_auth] [INFO]- lixiaofeng
[2018-09-20 12:58:56,333] [views_api_sec.py:87] [views_api_sec:sec_get_event_list] [INFO]- 查询嘉宾成功！
[2018-09-20 13:01:41,435] [views_api_sec.py:222] [views_api_sec:user_sign_api] [INFO]- d7bd8df74362dbeb0fa27cf2a947820b
[2018-09-20 13:01:41,455] [views_api_sec.py:42] [views_api_sec:sec_add_event] [INFO]- 发布会id已经存在.
[2018-09-20 13:01:42,463] [views_api_sec.py:176] [views_api_sec:user_auth] [INFO]- Basic bGl4aWFvZmVuZzpmZW5nemk4MDIzMDA=
[2018-09-20 13:01:42,465] [views_api_sec.py:178] [views_api_sec:user_auth] [INFO]- ['Basic', 'bGl4aWFvZmVuZzpmZW5nemk4MDIzMDA=']
[2018-09-20 13:01:42,468] [views_api_sec.py:182] [views_api_sec:user_auth] [INFO]- ('lixiaofeng', ':', 'fengzi802300')
[2018-09-20 13:01:42,539] [views_api_sec.py:187] [views_api_sec:user_auth] [INFO]- lixiaofeng
[2018-09-20 13:01:42,556] [views_api_sec.py:87] [views_api_sec:sec_get_event_list] [INFO]- 查询嘉宾成功！
[2018-09-20 13:03:14,413] [views_api_sec.py:222] [views_api_sec:user_sign_api] [INFO]- 0e659fa503e07869d119d1badd990489
[2018-09-20 13:03:14,433] [views_api_sec.py:42] [views_api_sec:sec_add_event] [INFO]- 发布会id已经存在.
[2018-09-20 13:03:15,449] [views_api_sec.py:176] [views_api_sec:user_auth] [INFO]- Basic bGl4aWFvZmVuZzpmZW5nemk4MDIzMDA=
[2018-09-20 13:03:15,451] [views_api_sec.py:178] [views_api_sec:user_auth] [INFO]- ['Basic', 'bGl4aWFvZmVuZzpmZW5nemk4MDIzMDA=']
[2018-09-20 13:03:15,452] [views_api_sec.py:182] [views_api_sec:user_auth] [INFO]- ('lixiaofeng', ':', 'fengzi802300')
[2018-09-20 13:03:15,550] [views_api_sec.py:187] [views_api_sec:user_auth] [INFO]- lixiaofeng
[2018-09-20 13:03:15,561] [views_api_sec.py:87] [views_api_sec:sec_get_event_list] [INFO]- 查询嘉宾成功！
[2018-09-20 13:10:50,095] [views_api_sec.py:222] [views_api_sec:user_sign_api] [INFO]- 17ef6b4198eec314784bd63ef1df023b
[2018-09-20 13:10:50,110] [views_api_sec.py:42] [views_api_sec:sec_add_event] [INFO]- 发布会id已经存在.
[2018-09-20 13:10:51,122] [views_api_sec.py:176] [views_api_sec:user_auth] [INFO]- Basic bGl4aWFvZmVuZzpmZW5nemk4MDIzMDA=
[2018-09-20 13:10:51,123] [views_api_sec.py:178] [views_api_sec:user_auth] [INFO]- ['Basic', 'bGl4aWFvZmVuZzpmZW5nemk4MDIzMDA=']
[2018-09-20 13:10:51,124] [views_api_sec.py:182] [views_api_sec:user_auth] [INFO]- ('lixiaofeng', ':', 'fengzi802300')
[2018-09-20 13:10:51,184] [views_api_sec.py:187] [views_api_sec:user_auth] [INFO]- lixiaofeng
[2018-09-20 13:10:51,204] [views_api_sec.py:87] [views_api_sec:sec_get_event_list] [INFO]- 查询嘉宾成功！
[2018-09-20 13:15:49,360] [views_api_sec.py:222] [views_api_sec:user_sign_api] [INFO]- 5f131050bd2844a6bba567dfe93ee7ef
[2018-09-20 13:15:49,391] [views_api_sec.py:42] [views_api_sec:sec_add_event] [INFO]- 发布会id已经存在.
[2018-09-20 13:15:50,406] [views_api_sec.py:176] [views_api_sec:user_auth] [INFO]- Basic bGl4aWFvZmVuZzpmZW5nemk4MDIzMDA=
[2018-09-20 13:15:50,407] [views_api_sec.py:178] [views_api_sec:user_auth] [INFO]- ['Basic', 'bGl4aWFvZmVuZzpmZW5nemk4MDIzMDA=']
[2018-09-20 13:15:50,409] [views_api_sec.py:182] [views_api_sec:user_auth] [INFO]- ('lixiaofeng', ':', 'fengzi802300')
[2018-09-20 13:15:50,513] [views_api_sec.py:187] [views_api_sec:user_auth] [INFO]- lixiaofeng
[2018-09-20 13:15:50,531] [views_api_sec.py:87] [views_api_sec:sec_get_event_list] [INFO]- 查询嘉宾成功！
[2018-09-20 13:16:35,765] [views_api_sec.py:222] [views_api_sec:user_sign_api] [INFO]- 7d72a68a6dbb60e46a4c5ebc5ad55577
[2018-09-20 13:16:35,793] [views_api_sec.py:42] [views_api_sec:sec_add_event] [INFO]- 发布会id已经存在.
[2018-09-20 13:16:36,808] [views_api_sec.py:176] [views_api_sec:user_auth] [INFO]- Basic bGl4aWFvZmVuZzpmZW5nemk4MDIzMDA=
[2018-09-20 13:16:36,809] [views_api_sec.py:178] [views_api_sec:user_auth] [INFO]- ['Basic', 'bGl4aWFvZmVuZzpmZW5nemk4MDIzMDA=']
[2018-09-20 13:16:36,810] [views_api_sec.py:182] [views_api_sec:user_auth] [INFO]- ('lixiaofeng', ':', 'fengzi802300')
[2018-09-20 13:16:36,862] [views_api_sec.py:187] [views_api_sec:user_auth] [INFO]- lixiaofeng
[2018-09-20 13:16:36,879] [views_api_sec.py:87] [views_api_sec:sec_get_event_list] [INFO]- 查询嘉宾成功！
[2018-09-20 13:17:04,044] [views_api_sec.py:222] [views_api_sec:user_sign_api] [INFO]- 86f8f1437f0f1c963d0fdfcaf00f2236
[2018-09-20 13:17:04,064] [views_api_sec.py:42] [views_api_sec:sec_add_event] [INFO]- 发布会id已经存在.
[2018-09-20 13:17:05,081] [views_api_sec.py:176] [views_api_sec:user_auth] [INFO]- Basic bGl4aWFvZmVuZzpmZW5nemk4MDIzMDA=
[2018-09-20 13:17:05,082] [views_api_sec.py:178] [views_api_sec:user_auth] [INFO]- ['Basic', 'bGl4aWFvZmVuZzpmZW5nemk4MDIzMDA=']
[2018-09-20 13:17:05,083] [views_api_sec.py:182] [views_api_sec:user_auth] [INFO]- ('lixiaofeng', ':', 'fengzi802300')
[2018-09-20 13:17:05,199] [views_api_sec.py:187] [views_api_sec:user_auth] [INFO]- lixiaofeng
[2018-09-20 13:17:05,222] [views_api_sec.py:87] [views_api_sec:sec_get_event_list] [INFO]- 查询嘉宾成功！
[2018-09-20 13:17:25,835] [views_api_sec.py:222] [views_api_sec:user_sign_api] [INFO]- d2a2c4257ee47993331453568d93e8cb
[2018-09-20 13:17:25,854] [views_api_sec.py:42] [views_api_sec:sec_add_event] [INFO]- 发布会id已经存在.
[2018-09-20 13:17:26,861] [views_api_sec.py:176] [views_api_sec:user_auth] [INFO]- Basic bGl4aWFvZmVuZzpmZW5nemk4MDIzMDA=
[2018-09-20 13:17:26,861] [views_api_sec.py:178] [views_api_sec:user_auth] [INFO]- ['Basic', 'bGl4aWFvZmVuZzpmZW5nemk4MDIzMDA=']
[2018-09-20 13:17:26,862] [views_api_sec.py:182] [views_api_sec:user_auth] [INFO]- ('lixiaofeng', ':', 'fengzi802300')
[2018-09-20 13:17:26,896] [views_api_sec.py:187] [views_api_sec:user_auth] [INFO]- lixiaofeng
[2018-09-20 13:17:26,912] [views_api_sec.py:87] [views_api_sec:sec_get_event_list] [INFO]- 查询嘉宾成功！
[2018-09-20 13:17:41,281] [views_api_sec.py:222] [views_api_sec:user_sign_api] [INFO]- cf423894840ecce827ed3e8228459b87
[2018-09-20 13:17:41,302] [views_api_sec.py:42] [views_api_sec:sec_add_event] [INFO]- 发布会id已经存在.
[2018-09-20 13:17:42,314] [views_api_sec.py:176] [views_api_sec:user_auth] [INFO]- Basic bGl4aWFvZmVuZzpmZW5nemk4MDIzMDA=
[2018-09-20 13:17:42,314] [views_api_sec.py:178] [views_api_sec:user_auth] [INFO]- ['Basic', 'bGl4aWFvZmVuZzpmZW5nemk4MDIzMDA=']
[2018-09-20 13:17:42,315] [views_api_sec.py:182] [views_api_sec:user_auth] [INFO]- ('lixiaofeng', ':', 'fengzi802300')
[2018-09-20 13:17:42,359] [views_api_sec.py:187] [views_api_sec:user_auth] [INFO]- lixiaofeng
[2018-09-20 13:17:42,366] [views_api_sec.py:87] [views_api_sec:sec_get_event_list] [INFO]- 查询嘉宾成功！
[2018-09-20 13:17:53,342] [views_api_sec.py:222] [views_api_sec:user_sign_api] [INFO]- 0d6fdf7217f900e18db1e82e3c7d045d
[2018-09-20 13:17:53,345] [views_api_sec.py:42] [views_api_sec:sec_add_event] [INFO]- 发布会id已经存在.
[2018-09-20 13:17:54,354] [views_api_sec.py:176] [views_api_sec:user_auth] [INFO]- Basic bGl4aWFvZmVuZzpmZW5nemk4MDIzMDA=
[2018-09-20 13:17:54,355] [views_api_sec.py:178] [views_api_sec:user_auth] [INFO]- ['Basic', 'bGl4aWFvZmVuZzpmZW5nemk4MDIzMDA=']
[2018-09-20 13:17:54,357] [views_api_sec.py:182] [views_api_sec:user_auth] [INFO]- ('lixiaofeng', ':', 'fengzi802300')
[2018-09-20 13:17:54,468] [views_api_sec.py:187] [views_api_sec:user_auth] [INFO]- lixiaofeng
[2018-09-20 13:17:54,496] [views_api_sec.py:87] [views_api_sec:sec_get_event_list] [INFO]- 查询嘉宾成功！
[2018-09-20 13:18:46,779] [views_api_sec.py:222] [views_api_sec:user_sign_api] [INFO]- ae4061cc745d297c30e0dca2713aa32e
[2018-09-20 13:18:46,817] [views_api_sec.py:42] [views_api_sec:sec_add_event] [INFO]- 发布会id已经存在.
[2018-09-20 13:18:47,835] [views_api_sec.py:176] [views_api_sec:user_auth] [INFO]- Basic bGl4aWFvZmVuZzpmZW5nemk4MDIzMDA=
[2018-09-20 13:18:47,837] [views_api_sec.py:178] [views_api_sec:user_auth] [INFO]- ['Basic', 'bGl4aWFvZmVuZzpmZW5nemk4MDIzMDA=']
[2018-09-20 13:18:47,840] [views_api_sec.py:182] [views_api_sec:user_auth] [INFO]- ('lixiaofeng', ':', 'fengzi802300')
[2018-09-20 13:18:47,918] [views_api_sec.py:187] [views_api_sec:user_auth] [INFO]- lixiaofeng
[2018-09-20 13:18:47,927] [views_api_sec.py:87] [views_api_sec:sec_get_event_list] [INFO]- 查询嘉宾成功！
[2018-09-20 13:22:07,774] [views_api_sec.py:222] [views_api_sec:user_sign_api] [INFO]- e70803497ab68ba0a1516eb91d34cefe
[2018-09-20 13:22:07,805] [views_api_sec.py:42] [views_api_sec:sec_add_event] [INFO]- 发布会id已经存在.
[2018-09-20 13:22:08,822] [views_api_sec.py:176] [views_api_sec:user_auth] [INFO]- Basic bGl4aWFvZmVuZzpmZW5nemk4MDIzMDA=
[2018-09-20 13:22:08,823] [views_api_sec.py:178] [views_api_sec:user_auth] [INFO]- ['Basic', 'bGl4aWFvZmVuZzpmZW5nemk4MDIzMDA=']
[2018-09-20 13:22:08,825] [views_api_sec.py:182] [views_api_sec:user_auth] [INFO]- ('lixiaofeng', ':', 'fengzi802300')
[2018-09-20 13:22:08,938] [views_api_sec.py:187] [views_api_sec:user_auth] [INFO]- lixiaofeng
[2018-09-20 13:22:08,957] [views_api_sec.py:87] [views_api_sec:sec_get_event_list] [INFO]- 查询嘉宾成功！
[2018-09-20 13:23:58,302] [views_api_sec.py:222] [views_api_sec:user_sign_api] [INFO]- 32a7c1baa1706cac4052ad2c2cd92787
[2018-09-20 13:23:58,318] [views_api_sec.py:42] [views_api_sec:sec_add_event] [INFO]- 发布会id已经存在.
[2018-09-20 13:23:59,327] [views_api_sec.py:176] [views_api_sec:user_auth] [INFO]- Basic bGl4aWFvZmVuZzpmZW5nemk4MDIzMDA=
[2018-09-20 13:23:59,328] [views_api_sec.py:178] [views_api_sec:user_auth] [INFO]- ['Basic', 'bGl4aWFvZmVuZzpmZW5nemk4MDIzMDA=']
[2018-09-20 13:23:59,330] [views_api_sec.py:182] [views_api_sec:user_auth] [INFO]- ('lixiaofeng', ':', 'fengzi802300')
[2018-09-20 13:23:59,434] [views_api_sec.py:187] [views_api_sec:user_auth] [INFO]- lixiaofeng
[2018-09-20 13:23:59,451] [views_api_sec.py:87] [views_api_sec:sec_get_event_list] [INFO]- 查询嘉宾成功！
[2018-09-20 13:24:13,587] [views_api_sec.py:222] [views_api_sec:user_sign_api] [INFO]- 892ef4676ca7f8352cfa61f9f974f66c
[2018-09-20 13:24:13,598] [views_api_sec.py:42] [views_api_sec:sec_add_event] [INFO]- 发布会id已经存在.
[2018-09-20 13:24:14,606] [views_api_sec.py:176] [views_api_sec:user_auth] [INFO]- Basic bGl4aWFvZmVuZzpmZW5nemk4MDIzMDA=
[2018-09-20 13:24:14,607] [views_api_sec.py:178] [views_api_sec:user_auth] [INFO]- ['Basic', 'bGl4aWFvZmVuZzpmZW5nemk4MDIzMDA=']
[2018-09-20 13:24:14,608] [views_api_sec.py:182] [views_api_sec:user_auth] [INFO]- ('lixiaofeng', ':', 'fengzi802300')
[2018-09-20 13:24:14,661] [views_api_sec.py:187] [views_api_sec:user_auth] [INFO]- lixiaofeng
[2018-09-20 13:24:14,677] [views_api_sec.py:87] [views_api_sec:sec_get_event_list] [INFO]- 查询嘉宾成功！
[2018-09-20 13:30:35,612] [views_api_sec.py:222] [views_api_sec:user_sign_api] [INFO]- 9b58cd807f752a44c3c93a41621bbadc
[2018-09-20 13:30:35,642] [views_api_sec.py:42] [views_api_sec:sec_add_event] [INFO]- 发布会id已经存在.
[2018-09-20 13:30:36,658] [views_api_sec.py:176] [views_api_sec:user_auth] [INFO]- Basic bGl4aWFvZmVuZzpmZW5nemk4MDIzMDA=
[2018-09-20 13:30:36,658] [views_api_sec.py:178] [views_api_sec:user_auth] [INFO]- ['Basic', 'bGl4aWFvZmVuZzpmZW5nemk4MDIzMDA=']
[2018-09-20 13:30:36,659] [views_api_sec.py:182] [views_api_sec:user_auth] [INFO]- ('lixiaofeng', ':', 'fengzi802300')
[2018-09-20 13:30:36,691] [views_api_sec.py:187] [views_api_sec:user_auth] [INFO]- lixiaofeng
[2018-09-20 13:30:36,699] [views_api_sec.py:87] [views_api_sec:sec_get_event_list] [INFO]- 查询嘉宾成功！
[2018-09-20 13:31:11,082] [views_api_sec.py:222] [views_api_sec:user_sign_api] [INFO]- c7e4c61b04699aae205b458be83be529
[2018-09-20 13:31:11,103] [views_api_sec.py:42] [views_api_sec:sec_add_event] [INFO]- 发布会id已经存在.
[2018-09-20 13:31:12,117] [views_api_sec.py:176] [views_api_sec:user_auth] [INFO]- Basic bGl4aWFvZmVuZzpmZW5nemk4MDIzMDA=
[2018-09-20 13:31:12,119] [views_api_sec.py:178] [views_api_sec:user_auth] [INFO]- ['Basic', 'bGl4aWFvZmVuZzpmZW5nemk4MDIzMDA=']
[2018-09-20 13:31:12,121] [views_api_sec.py:182] [views_api_sec:user_auth] [INFO]- ('lixiaofeng', ':', 'fengzi802300')
[2018-09-20 13:31:12,191] [views_api_sec.py:187] [views_api_sec:user_auth] [INFO]- lixiaofeng
[2018-09-20 13:31:12,199] [views_api_sec.py:87] [views_api_sec:sec_get_event_list] [INFO]- 查询嘉宾成功！
[2018-09-20 13:33:35,587] [views_api_sec.py:222] [views_api_sec:user_sign_api] [INFO]- 7747989a06e3760a886f2ab21b9bea9c
[2018-09-20 13:33:35,592] [views_api_sec.py:42] [views_api_sec:sec_add_event] [INFO]- 发布会id已经存在.
[2018-09-20 13:33:36,600] [views_api_sec.py:176] [views_api_sec:user_auth] [INFO]- Basic bGl4aWFvZmVuZzpmZW5nemk4MDIzMDA=
[2018-09-20 13:33:36,603] [views_api_sec.py:178] [views_api_sec:user_auth] [INFO]- ['Basic', 'bGl4aWFvZmVuZzpmZW5nemk4MDIzMDA=']
[2018-09-20 13:33:36,605] [views_api_sec.py:182] [views_api_sec:user_auth] [INFO]- ('lixiaofeng', ':', 'fengzi802300')
[2018-09-20 13:33:36,694] [views_api_sec.py:187] [views_api_sec:user_auth] [INFO]- lixiaofeng
[2018-09-20 13:33:36,711] [views_api_sec.py:87] [views_api_sec:sec_get_event_list] [INFO]- 查询嘉宾成功！
[2018-09-20 13:34:40,883] [views_api_sec.py:222] [views_api_sec:user_sign_api] [INFO]- 89b66d8448e60b160b9430144743671c
[2018-09-20 13:34:40,911] [views_api_sec.py:42] [views_api_sec:sec_add_event] [INFO]- 发布会id已经存在.
[2018-09-20 13:34:41,927] [views_api_sec.py:176] [views_api_sec:user_auth] [INFO]- Basic bGl4aWFvZmVuZzpmZW5nemk4MDIzMDA=
[2018-09-20 13:34:41,928] [views_api_sec.py:178] [views_api_sec:user_auth] [INFO]- ['Basic', 'bGl4aWFvZmVuZzpmZW5nemk4MDIzMDA=']
[2018-09-20 13:34:41,929] [views_api_sec.py:182] [views_api_sec:user_auth] [INFO]- ('lixiaofeng', ':', 'fengzi802300')
[2018-09-20 13:34:42,030] [views_api_sec.py:187] [views_api_sec:user_auth] [INFO]- lixiaofeng
[2018-09-20 13:34:42,037] [views_api_sec.py:87] [views_api_sec:sec_get_event_list] [INFO]- 查询嘉宾成功！
[2018-09-20 13:39:56,921] [views_api_sec.py:247] [views_api_sec:decryptAES] [INFO]- 
[2018-09-20 13:40:20,285] [views_api_sec.py:256] [views_api_sec:aes_encryption] [INFO]- 
[2018-09-20 13:40:20,288] [views_api_sec.py:247] [views_api_sec:decryptAES] [INFO]- 
[2018-09-20 13:40:39,007] [views_api_sec.py:256] [views_api_sec:aes_encryption] [INFO]- FEwSb8qF0-FMIUCdtpmSr-pn0aYb509fwrOSqdH_W7g=
[2018-09-20 13:40:39,009] [views_api_sec.py:247] [views_api_sec:decryptAES] [INFO]- {"name": "18701137212"}									
[2018-09-20 13:40:39,028] [views_api_sec.py:147] [views_api_sec:sec_get_guest_list] [INFO]- 查询嘉宾成功！
[2018-09-20 13:40:47,882] [views_api_sec.py:256] [views_api_sec:aes_encryption] [INFO]- FEwSb8qF0-FMIUCdtpmSr-pn0aYb509fwrOSqdH_W7g=
[2018-09-20 13:40:47,885] [views_api_sec.py:247] [views_api_sec:decryptAES] [INFO]- {"name": "18701137212"}									
[2018-09-20 13:40:47,917] [views_api_sec.py:147] [views_api_sec:sec_get_guest_list] [INFO]- 查询嘉宾成功！
[2018-09-20 13:41:14,893] [views_api_sec.py:256] [views_api_sec:aes_encryption] [INFO]- FEwSb8qF0-FMIUCdtpmSr-pn0aYb509fwrOSqdH_W7g=
[2018-09-20 13:41:14,894] [views_api_sec.py:247] [views_api_sec:decryptAES] [INFO]- {"name": "18701137212"}									
[2018-09-20 13:41:14,918] [views_api_sec.py:147] [views_api_sec:sec_get_guest_list] [INFO]- 查询嘉宾成功！
[2018-09-20 13:41:33,334] [views_api_sec.py:256] [views_api_sec:aes_encryption] [INFO]- l3MA3dBXJtXApvdLgTFk0w==
[2018-09-20 13:41:33,335] [views_api_sec.py:247] [views_api_sec:decryptAES] [INFO]- {"name": "187"}
[2018-09-20 13:41:33,344] [views_api_sec.py:147] [views_api_sec:sec_get_guest_list] [INFO]- 查询嘉宾成功！
